<?xml version="1.0" encoding="UTF-8"?>
<testsuite name="TestClass" tests="1" skipped="0" failures="0" errors="0" timestamp="2022-04-16T15:28:19" hostname="DESKTOP-2FQ2SSA" time="0.001">
  <properties/>
  <testcase name="tester" classname="TestClass" time="0.001"/>
  <system-out><![CDATA[]]></system-out>
  <system-err><![CDATA[]]></system-err>
</testsuite>
