<?xml version="1.0" encoding="UTF-8"?>
<testsuite name="TestClass" tests="2" skipped="0" failures="0" errors="0" timestamp="2022-04-16T16:13:16" hostname="DESKTOP-2FQ2SSA" time="0.175">
  <properties/>
  <testcase name="testingIfURLIsReadRight" classname="TestClass" time="0.174"/>
  <testcase name="testingIfWrongURLIsHAndledRight" classname="TestClass" time="0.001"/>
  <system-out><![CDATA[]]></system-out>
  <system-err><![CDATA[]]></system-err>
</testsuite>
