<?xml version="1.0" encoding="UTF-8"?>
<testsuite name="TestClass" tests="1" skipped="0" failures="0" errors="0" timestamp="2022-06-25T18:06:51" hostname="DESKTOP-3475QVP" time="0.002">
  <properties/>
  <testcase name="addSeveralLinks" classname="TestClass" time="0.002"/>
  <system-out><![CDATA[]]></system-out>
  <system-err><![CDATA[]]></system-err>
</testsuite>
