<?xml version="1.0" encoding="UTF-8"?>
<testsuite name="TestClass" tests="1" skipped="0" failures="0" errors="0" timestamp="2022-04-17T17:49:26" hostname="DESKTOP-2FQ2SSA" time="13.457">
  <properties/>
  <testcase name="testWhole" classname="TestClass" time="13.457"/>
  <system-out><![CDATA[File Created.
going deeper: Level 1 now.
going deeper: Level 2 now.
]]></system-out>
  <system-err><![CDATA[]]></system-err>
</testsuite>
