<?xml version="1.0" encoding="UTF-8"?>
<testsuite name="TestClass" tests="1" skipped="0" failures="0" errors="0" timestamp="2022-05-27T10:37:44" hostname="DESKTOP-2FQ2SSA" time="1.531">
  <properties/>
  <testcase name="headerCuttingTest" classname="TestClass" time="1.531"/>
  <system-out><![CDATA[]]></system-out>
  <system-err><![CDATA[]]></system-err>
</testsuite>
